FMOD: SystemI::init                  : FMOD Studio Version: 00010303 (52338)
FMOD: SystemI::init                  : maxchannels = 100, flags = 00000000, extradriverdata = 0x0
FMOD: SystemI::close                 : 
FMOD: SystemI::close                 : Stop all sounds
FMOD: SystemI::close                 : Remove miscllaneous DSP stuff.
FMOD: SystemI::close                 : done.

FMOD: SystemI::init                  : Set up software engine
FMOD: OutputCoreAudio::enumerate     : Enumerating...
FMOD: OutputCoreAudio::enumerate     : Found output driver: "AirPlay".
FMOD: OutputCoreAudio::enumerate     : Found input driver: "Built-in Microphone".
FMOD: OutputCoreAudio::enumerate     : Found input driver: "Built-in Input".
FMOD: OutputCoreAudio::enumerate     : Found output driver: "Built-in Output".
FMOD: OutputCoreAudio::enumerate     : Done.
FMOD: OutputCoreAudio::init          : Initialising...
FMOD: OutputCoreAudio::init          : Output running 2 channels at 44100Hz sample rate.
FMOD: OutputCoreAudio::init          : Done.
FMOD: SystemI::init                  : Set up emulated output
FMOD: SystemI::init                  : create the channel pool
FMOD: SystemI::init                  : Set up streamer
FMOD: Thread::initThread             : Initializing FMOD stream thread.  priority 2
FMOD: Thread::initThread             : - Stacksize 65536.  Stack pointer 0x0 : usesemaphore = 0 : sleeptime = 10
FMOD: Thread::callback               : * FMOD stream thread started
FMOD: Thread::initThread             : done.
FMOD: SystemI::init                  : done

FMOD: SystemI::createSoundInternal   : filename = /Users/ashleygwinnell/Dropbox/ark2d/Tools/FMOD Programmers API/api/lowlevel/examples/xcode32/DerivedData/granular_synth/Build/Products/Debug/granular_synth.app/Contents/Resources/media/granular/truck_idle_FMOD: SystemI::createSoundInternal   : 18 codecs found.  Scan all until one succeeds
FMOD: CodecTag::openInternal         : attempting to open ID3 or ASF tags..
FMOD: Codec::release                 : 
FMOD: Codec::release                 : done
FMOD: CodecFSB5::openInternal        : attempting to open as FSB5..
FMOD: CodecFSB5::headerReadCheck     : Header check failed. Not an FSB5
FMOD: Codec::release                 : 
FMOD: CodecFSB5::closeInternal       : 
FMOD: CodecFSB5::closeInternal       : done
FMOD: Codec::release                 : done
FMOD: CodecVAG::openInternal         : attempting to open as VAG..
FMOD: CodecVAG::openInternal         : 'VAG' ID check failed [RIF]
FMOD: Codec::release                 : 
FMOD: Codec::release                 : done
FMOD: CodecWav::openInternal         : attempting to open as WAV..
FMOD: CodecWav::parseRIFF            : chunk : id fmt  size 16
FMOD: CodecWav::parseRIFF            : offset = 28 / 8530
FMOD: CodecWav::parseRIFF            : chunk : id data size 8418
FMOD: CodecWav::parseRIFF            : offset = 8454 / 8530
FMOD: CodecWav::parseRIFF            : chunk : id CDif size 68
FMOD: CodecWav::parseRIFF            : offset = 8530 / 8530
FMOD: CodecWav::openInternal         : mSrcFormat->wFormatTag = 1
FMOD: CodecWav::openInternal         : mSrcFormat->nChannels = 1
FMOD: CodecWav::openInternal         : mSrcFormat->nSamplesPerSec = 22050
FMOD: CodecWav::openInternal         : mSrcFormat->nAvgBytesPerSec = 44100
FMOD: CodecWav::openInternal         : mSrcFormat->nBlockAlign = 2
FMOD: CodecWav::openInternal         : mSrcFormat->wBitsPerSample = 16
FMOD: CodecWav::openInternal         : mSrcFormat->cbSize = 0
FMOD: SystemI::createSoundInternal   : Format has 0 subsounds.
FMOD: SystemI::createSoundInternal   : Create as FMOD_CREATESAMPLE
FMOD: SystemI::createSoundInternal   : creating subsound 0/0
FMOD: SystemI::createSample          : mode 02000040 length 4209 samples, lengthbytes 8418
FMOD: SystemI::createSample          : subsamples = 1, channels = 1
FMOD: SystemI::createSample          : subsample 0.  output = 0x100218f08
FMOD: SystemI::createSample          : mSoftware = 0x100218f08
FMOD: OutputSoftware::createSample   : lengthpcm 4209, lengthbytes 8418, channels 1, format 2, freq 22050, mode 02000049
FMOD: OutputSoftware::createSample   : done
FMOD: SystemI::createSample          : done
FMOD: SystemI::createSoundInternal   : No name found in file, use filename.
FMOD: SystemI::createSoundInternal   : done.  OpenState now = FMOD_OPENSTATE_READY.

FMOD: SystemI::createSoundInternal   : filename = /Users/ashleygwinnell/Dropbox/ark2d/Tools/FMOD Programmers API/api/lowlevel/examples/xcode32/DerivedData/granular_synth/Build/Products/Debug/granular_synth.app/Contents/Resources/media/granular/truck_idle_FMOD: SystemI::createSoundInternal   : 18 codecs found.  Scan all until one succeeds
FMOD: CodecTag::openInternal         : attempting to open ID3 or ASF tags..
FMOD: Codec::release                 : 
FMOD: Codec::release                 : done
FMOD: CodecFSB5::openInternal        : attempting to open as FSB5..
FMOD: CodecFSB5::headerReadCheck     : Header check failed. Not an FSB5
FMOD: Codec::release                 : 
FMOD: CodecFSB5::closeInternal       : 
FMOD: CodecFSB5::closeInternal       : done
FMOD: Codec::release                 : done
FMOD: CodecVAG::openInternal         : attempting to open as VAG..
FMOD: CodecVAG::openInternal         : 'VAG' ID check failed [RIF]
FMOD: Codec::release                 : 
FMOD: Codec::release                 : done
FMOD: CodecWav::openInternal         : attempting to open as WAV..
FMOD: CodecWav::parseRIFF            : chunk : id fmt  size 16
FMOD: CodecWav::parseRIFF            : offset = 28 / 8576
FMOD: CodecWav::parseRIFF            : chunk : id data size 8464
FMOD: CodecWav::parseRIFF            : offset = 8500 / 8576
FMOD: CodecWav::parseRIFF            : chunk : id CDif size 68
FMOD: CodecWav::parseRIFF            : offset = 8576 / 8576
FMOD: CodecWav::openInternal         : mSrcFormat->wFormatTag = 1
FMOD: CodecWav::openInternal         : mSrcFormat->nChannels = 1
FMOD: CodecWav::openInternal         : mSrcFormat->nSamplesPerSec = 22050
FMOD: CodecWav::openInternal         : mSrcFormat->nAvgBytesPerSec = 44100
FMOD: CodecWav::openInternal         : mSrcFormat->nBlockAlign = 2
FMOD: CodecWav::openInternal         : mSrcFormat->wBitsPerSample = 16
FMOD: CodecWav::openInternal         : mSrcFormat->cbSize = 0
FMOD: SystemI::createSoundInternal   : Format has 0 subsounds.
FMOD: SystemI::createSoundInternal   : Create as FMOD_CREATESAMPLE
FMOD: SystemI::createSoundInternal   : creating subsound 0/0
FMOD: SystemI::createSample          : mode 02000040 length 4232 samples, lengthbytes 8464
FMOD: SystemI::createSample          : subsamples = 1, channels = 1
FMOD: SystemI::createSample          : subsample 0.  output = 0x100218f08
FMOD: SystemI::createSample          : mSoftware = 0x100218f08
FMOD: OutputSoftware::createSample   : lengthpcm 4232, lengthbytes 8464, channels 1, format 2, freq 22050, mode 02000049
FMOD: OutputSoftware::createSample   : done
FMOD: SystemI::createSample          : done
FMOD: SystemI::createSoundInternal   : No name found in file, use filename.
FMOD: SystemI::createSoundInternal   : done.  OpenState now = FMOD_OPENSTATE_READY.

FMOD: SystemI::createSoundInternal   : filename = /Users/ashleygwinnell/Dropbox/ark2d/Tools/FMOD Programmers API/api/lowlevel/examples/xcode32/DerivedData/granular_synth/Build/Products/Debug/granular_synth.app/Contents/Resources/media/granular/truck_idle_FMOD: SystemI::createSoundInternal   : 18 codecs found.  Scan all until one succeeds
FMOD: CodecTag::openInternal         : attempting to open ID3 or ASF tags..
FMOD: Codec::release                 : 
FMOD: Codec::release                 : done
FMOD: CodecFSB5::openInternal        : attempting to open as FSB5..
FMOD: CodecFSB5::headerReadCheck     : Header check failed. Not an FSB5
FMOD: Codec::release                 : 
FMOD: CodecFSB5::closeInternal       : 
FMOD: CodecFSB5::closeInternal       : done
FMOD: Codec::release                 : done
FMOD: CodecVAG::openInternal         : attempting to open as VAG..
FMOD: CodecVAG::openInternal         : 'VAG' ID check failed [RIF]
FMOD: Codec::release                 : 
FMOD: Codec::release                 : done
FMOD: CodecWav::openInternal         : attempting to open as WAV..
FMOD: CodecWav::parseRIFF            : chunk : id fmt  size 16
FMOD: CodecWav::parseRIFF            : offset = 28 / 8688
FMOD: CodecWav::parseRIFF            : chunk : id data size 8576
FMOD: CodecWav::parseRIFF            : offset = 8612 / 8688
FMOD: CodecWav::parseRIFF            : chunk : id CDif size 68
FMOD: CodecWav::parseRIFF            : offset = 8688 / 8688
FMOD: CodecWav::openInternal         : mSrcFormat->wFormatTag = 1
FMOD: CodecWav::openInternal         : mSrcFormat->nChannels = 1
FMOD: CodecWav::openInternal         : mSrcFormat->nSamplesPerSec = 22050
FMOD: CodecWav::openInternal         : mSrcFormat->nAvgBytesPerSec = 44100
FMOD: CodecWav::openInternal         : mSrcFormat->nBlockAlign = 2
FMOD: CodecWav::openInternal         : mSrcFormat->wBitsPerSample = 16
FMOD: CodecWav::openInternal         : mSrcFormat->cbSize = 0
FMOD: SystemI::createSoundInternal   : Format has 0 subsounds.
FMOD: SystemI::createSoundInternal   : Create as FMOD_CREATESAMPLE
FMOD: SystemI::createSoundInternal   : creating subsound 0/0
FMOD: SystemI::createSample          : mode 02000040 length 4288 samples, lengthbytes 8576
FMOD: SystemI::createSample          : subsamples = 1, channels = 1
FMOD: SystemI::createSample          : subsample 0.  output = 0x100218f08
FMOD: SystemI::createSample          : mSoftware = 0x100218f08
FMOD: OutputSoftware::createSample   : lengthpcm 4288, lengthbytes 8576, channels 1, format 2, freq 22050, mode 02000049
FMOD: OutputSoftware::createSample   : done
FMOD: SystemI::createSample          : done
FMOD: SystemI::createSoundInternal   : No name found in file, use filename.
FMOD: SystemI::createSoundInternal   : done.  OpenState now = FMOD_OPENSTATE_READY.

FMOD: SystemI::createSoundInternal   : filename = /Users/ashleygwinnell/Dropbox/ark2d/Tools/FMOD Programmers API/api/lowlevel/examples/xcode32/DerivedData/granular_synth/Build/Products/Debug/granular_synth.app/Contents/Resources/media/granular/truck_idle_FMOD: SystemI::createSoundInternal   : 18 codecs found.  Scan all until one succeeds
FMOD: CodecTag::openInternal         : attempting to open ID3 or ASF tags..
FMOD: Codec::release                 : 
FMOD: Codec::release                 : done
FMOD: CodecFSB5::openInternal        : attempting to open as FSB5..
FMOD: CodecFSB5::headerReadCheck     : Header check failed. Not an FSB5
FMOD: Codec::release                 : 
FMOD: CodecFSB5::closeInternal       : 
FMOD: CodecFSB5::closeInternal       : done
FMOD: Codec::release                 : done
FMOD: CodecVAG::openInternal         : attempting to open as VAG..
FMOD: CodecVAG::openInternal         : 'VAG' ID check failed [RIF]
FMOD: Codec::release                 : 
FMOD: Codec::release                 : done
FMOD: CodecWav::openInternal         : attempting to open as WAV..
FMOD: CodecWav::parseRIFF            : chunk : id fmt  size 16
FMOD: CodecWav::parseRIFF            : offset = 28 / 9382
FMOD: CodecWav::parseRIFF            : chunk : id data size 9270
FMOD: CodecWav::parseRIFF            : offset = 9306 / 9382
FMOD: CodecWav::parseRIFF            : chunk : id CDif size 68
FMOD: CodecWav::parseRIFF            : offset = 9382 / 9382
FMOD: CodecWav::openInternal         : mSrcFormat->wFormatTag = 1
FMOD: CodecWav::openInternal         : mSrcFormat->nChannels = 1
FMOD: CodecWav::openInternal         : mSrcFormat->nSamplesPerSec = 22050
FMOD: CodecWav::openInternal         : mSrcFormat->nAvgBytesPerSec = 44100
FMOD: CodecWav::openInternal         : mSrcFormat->nBlockAlign = 2
FMOD: CodecWav::openInternal         : mSrcFormat->wBitsPerSample = 16
FMOD: CodecWav::openInternal         : mSrcFormat->cbSize = 0
FMOD: SystemI::createSoundInternal   : Format has 0 subsounds.
FMOD: SystemI::createSoundInternal   : Create as FMOD_CREATESAMPLE
FMOD: SystemI::createSoundInternal   : creating subsound 0/0
FMOD: SystemI::createSample          : mode 02000040 length 4635 samples, lengthbytes 9270
FMOD: SystemI::createSample          : subsamples = 1, channels = 1
FMOD: SystemI::createSample          : subsample 0.  output = 0x100218f08
FMOD: SystemI::createSample          : mSoftware = 0x100218f08
FMOD: OutputSoftware::createSample   : lengthpcm 4635, lengthbytes 9270, channels 1, format 2, freq 22050, mode 02000049
FMOD: OutputSoftware::createSample   : done
FMOD: SystemI::createSample          : done
FMOD: SystemI::createSoundInternal   : No name found in file, use filename.
FMOD: SystemI::createSoundInternal   : done.  OpenState now = FMOD_OPENSTATE_READY.

FMOD: SystemI::createSoundInternal   : filename = /Users/ashleygwinnell/Dropbox/ark2d/Tools/FMOD Programmers API/api/lowlevel/examples/xcode32/DerivedData/granular_synth/Build/Products/Debug/granular_synth.app/Contents/Resources/media/granular/truck_idle_FMOD: SystemI::createSoundInternal   : 18 codecs found.  Scan all until one succeeds
FMOD: CodecTag::openInternal         : attempting to open ID3 or ASF tags..
FMOD: Codec::release                 : 
FMOD: Codec::release                 : done
FMOD: CodecFSB5::openInternal        : attempting to open as FSB5..
FMOD: CodecFSB5::headerReadCheck     : Header check failed. Not an FSB5
FMOD: Codec::release                 : 
FMOD: CodecFSB5::closeInternal       : 
FMOD: CodecFSB5::closeInternal       : done
FMOD: Codec::release                 : done
FMOD: CodecVAG::openInternal         : attempting to open as VAG..
FMOD: CodecVAG::openInternal         : 'VAG' ID check failed [RIF]
FMOD: Codec::release                 : 
FMOD: Codec::release                 : done
FMOD: CodecWav::openInternal         : attempting to open as WAV..
FMOD: CodecWav::parseRIFF            : chunk : id fmt  size 16
FMOD: CodecWav::parseRIFF            : offset = 28 / 9280
FMOD: CodecWav::parseRIFF            : chunk : id data size 9168
FMOD: CodecWav::parseRIFF            : offset = 9204 / 9280
FMOD: CodecWav::parseRIFF            : chunk : id CDif size 68
FMOD: CodecWav::parseRIFF            : offset = 9280 / 9280
FMOD: CodecWav::openInternal         : mSrcFormat->wFormatTag = 1
FMOD: CodecWav::openInternal         : mSrcFormat->nChannels = 1
FMOD: CodecWav::openInternal         : mSrcFormat->nSamplesPerSec = 22050
FMOD: CodecWav::openInternal         : mSrcFormat->nAvgBytesPerSec = 44100
FMOD: CodecWav::openInternal         : mSrcFormat->nBlockAlign = 2
FMOD: CodecWav::openInternal         : mSrcFormat->wBitsPerSample = 16
FMOD: CodecWav::openInternal         : mSrcFormat->cbSize = 0
FMOD: SystemI::createSoundInternal   : Format has 0 subsounds.
FMOD: SystemI::createSoundInternal   : Create as FMOD_CREATESAMPLE
FMOD: SystemI::createSoundInternal   : creating subsound 0/0
FMOD: SystemI::createSample          : mode 02000040 length 4584 samples, lengthbytes 9168
FMOD: SystemI::createSample          : subsamples = 1, channels = 1
FMOD: SystemI::createSample          : subsample 0.  output = 0x100218f08
FMOD: SystemI::createSample          : mSoftware = 0x100218f08
FMOD: OutputSoftware::createSample   : lengthpcm 4584, lengthbytes 9168, channels 1, format 2, freq 22050, mode 02000049
FMOD: OutputSoftware::createSample   : done
FMOD: SystemI::createSample          : done
FMOD: SystemI::createSoundInternal   : No name found in file, use filename.
FMOD: SystemI::createSoundInternal   : done.  OpenState now = FMOD_OPENSTATE_READY.

FMOD: SystemI::createSoundInternal   : filename = /Users/ashleygwinnell/Dropbox/ark2d/Tools/FMOD Programmers API/api/lowlevel/examples/xcode32/DerivedData/granular_synth/Build/Products/Debug/granular_synth.app/Contents/Resources/media/granular/truck_idle_FMOD: SystemI::createSoundInternal   : 18 codecs found.  Scan all until one succeeds
FMOD: CodecTag::openInternal         : attempting to open ID3 or ASF tags..
FMOD: Codec::release                 : 
FMOD: Codec::release                 : done
FMOD: CodecFSB5::openInternal        : attempting to open as FSB5..
FMOD: CodecFSB5::headerReadCheck     : Header check failed. Not an FSB5
FMOD: Codec::release                 : 
FMOD: CodecFSB5::closeInternal       : 
FMOD: CodecFSB5::closeInternal       : done
FMOD: Codec::release                 : done
FMOD: CodecVAG::openInternal         : attempting to open as VAG..
FMOD: CodecVAG::openInternal         : 'VAG' ID check failed [RIF]
FMOD: Codec::release                 : 
FMOD: Codec::release                 : done
FMOD: CodecWav::openInternal         : attempting to open as WAV..
FMOD: CodecWav::parseRIFF            : chunk : id fmt  size 16
FMOD: CodecWav::parseRIFF            : offset = 28 / 9954
FMOD: CodecWav::parseRIFF            : chunk : id data size 9918
FMOD: CodecWav::parseRIFF            : offset = 9954 / 9954
FMOD: CodecWav::openInternal         : mSrcFormat->wFormatTag = 1
FMOD: CodecWav::openInternal         : mSrcFormat->nChannels = 1
FMOD: CodecWav::openInternal         : mSrcFormat->nSamplesPerSec = 22050
FMOD: CodecWav::openInternal         : mSrcFormat->nAvgBytesPerSec = 44100
FMOD: CodecWav::openInternal         : mSrcFormat->nBlockAlign = 2
FMOD: CodecWav::openInternal         : mSrcFormat->wBitsPerSample = 16
FMOD: CodecWav::openInternal         : mSrcFormat->cbSize = 0
FMOD: SystemI::createSoundInternal   : Format has 0 subsounds.
FMOD: SystemI::createSoundInternal   : Create as FMOD_CREATESAMPLE
FMOD: SystemI::createSoundInternal   : creating subsound 0/0
FMOD: SystemI::createSample          : mode 02000040 length 4959 samples, lengthbytes 9918
FMOD: SystemI::createSample          : subsamples = 1, channels = 1
FMOD: SystemI::createSample          : subsample 0.  output = 0x100218f08
FMOD: SystemI::createSample          : mSoftware = 0x100218f08
FMOD: OutputSoftware::createSample   : lengthpcm 4959, lengthbytes 9918, channels 1, format 2, freq 22050, mode 02000049
FMOD: OutputSoftware::createSample   : done
FMOD: SystemI::createSample          : done
FMOD: SystemI::createSoundInternal   : No name found in file, use filename.
FMOD: SystemI::createSoundInternal   : done.  OpenState now = FMOD_OPENSTATE_READY.

FMOD: SoundI::release                : truck_idle_off_01.wav (0x100611cb8)
FMOD: SoundI::release                : release codec. (0x100611cb8)
FMOD: Codec::release                 : 
FMOD: Codec::release                 : done
FMOD: SoundI::release                : free this. (0x100611cb8)
FMOD: SoundI::release                : done (0x100611cb8)
FMOD: SoundI::release                : truck_idle_off_02.wav (0x103420548)
FMOD: SoundI::release                : release codec. (0x103420548)
FMOD: Codec::release                 : 
FMOD: Codec::release                 : done
FMOD: SoundI::release                : free this. (0x103420548)
FMOD: SoundI::release                : done (0x103420548)
FMOD: SoundI::release                : truck_idle_off_03.wav (0x100612598)
FMOD: SoundI::release                : release codec. (0x100612598)
FMOD: Codec::release                 : 
FMOD: Codec::release                 : done
FMOD: SoundI::release                : free this. (0x100612598)
FMOD: SoundI::release                : done (0x100612598)
FMOD: SoundI::release                : truck_idle_off_04.wav (0x100416988)
FMOD: SoundI::release                : release codec. (0x100416988)
FMOD: Codec::release                 : 
FMOD: Codec::release                 : done
FMOD: SoundI::release                : free this. (0x100416988)
FMOD: SoundI::release                : done (0x100416988)
FMOD: SoundI::release                : truck_idle_off_05.wav (0x103230498)
FMOD: SoundI::release                : release codec. (0x103230498)
FMOD: Codec::release                 : 
FMOD: Codec::release                 : done
FMOD: SoundI::release                : free this. (0x103230498)
FMOD: SoundI::release                : done (0x103230498)
FMOD: SoundI::release                : truck_idle_off_06.wav (0x10341fef8)
FMOD: SoundI::release                : release codec. (0x10341fef8)
FMOD: Codec::release                 : 
FMOD: Codec::release                 : done
FMOD: SoundI::release                : free this. (0x10341fef8)
FMOD: SoundI::release                : done (0x10341fef8)
FMOD: SystemI::close                 : 
FMOD: SystemI::close                 : Stop all sounds
FMOD: Thread::callback               : * FMOD stream thread finished
FMOD: Thread::close                  : FMOD stream thread thread destroyed
FMOD: SystemI::close                 : Stream thread destroyed
FMOD: Global::decRef                 : Shut down streamer and FMOD_NONBLOCKING and FileSystem thread.
FMOD: Global::decRef                 : Shut down profiler.
FMOD: Global::decRef                 : Shut down file system.
FMOD: SystemI::close                 : Shut down output.
FMOD: SystemI::close                 : Free master channel group.
FMOD: SystemI::close                 : Remove 'master' sound group.
FMOD: OutputCoreAudio::close         : Closing...
FMOD: OutputCoreAudio::close         : Done.
FMOD: SystemI::close                 : Free software output.
FMOD: SystemI::close                 : Free emulated output.
FMOD: SystemI::close                 : Free channel pool.
FMOD: SystemI::close                 : Remove miscllaneous DSP stuff.
FMOD: SystemI::close                 : done.

