FMOD: SystemI::init                  : FMOD Studio Version: 00010303 (52338)
FMOD: SystemI::init                  : maxchannels = 32, flags = 00000000, extradriverdata = 0x0
FMOD: SystemI::close                 : 
FMOD: SystemI::close                 : Stop all sounds
FMOD: SystemI::close                 : Remove miscllaneous DSP stuff.
FMOD: SystemI::close                 : done.

FMOD: SystemI::init                  : Set up software engine
FMOD: OutputCoreAudio::enumerate     : Enumerating...
FMOD: OutputCoreAudio::enumerate     : Found output driver: "AirPlay".
FMOD: OutputCoreAudio::enumerate     : Found input driver: "Built-in Microphone".
FMOD: OutputCoreAudio::enumerate     : Found input driver: "Built-in Input".
FMOD: OutputCoreAudio::enumerate     : Found output driver: "Built-in Output".
FMOD: OutputCoreAudio::enumerate     : Done.
FMOD: OutputCoreAudio::init          : Initialising...
FMOD: OutputCoreAudio::init          : Output running 2 channels at 44100Hz sample rate.
FMOD: OutputCoreAudio::init          : Done.
FMOD: SystemI::init                  : Set up emulated output
FMOD: SystemI::init                  : create the channel pool
FMOD: SystemI::init                  : Set up streamer
FMOD: Thread::initThread             : Initializing FMOD stream thread.  priority 2
FMOD: Thread::initThread             : - Stacksize 65536.  Stack pointer 0x0 : usesemaphore = 0 : sleeptime = 10
FMOD: Thread::callback               : * FMOD stream thread started
FMOD: Thread::initThread             : done.
FMOD: SystemI::init                  : done

FMOD: SystemI::createSoundInternal   : filename = /Users/ashleygwinnell/Dropbox/ark2d/Tools/FMOD Programmers API/api/lowlevel/examples/xcode32/DerivedData/dsp_custom/Build/Products/Debug/dsp_custom.app/Contents/Resources/media/drumloop.wav : mode 00000002FMOD: SystemI::createSoundInternal   : 18 codecs found.  Scan all until one succeeds
FMOD: CodecTag::openInternal         : attempting to open ID3 or ASF tags..
FMOD: Codec::release                 : 
FMOD: Codec::release                 : done
FMOD: CodecFSB5::openInternal        : attempting to open as FSB5..
FMOD: CodecFSB5::headerReadCheck     : Header check failed. Not an FSB5
FMOD: Codec::release                 : 
FMOD: CodecFSB5::closeInternal       : 
FMOD: CodecFSB5::closeInternal       : done
FMOD: Codec::release                 : done
FMOD: CodecVAG::openInternal         : attempting to open as VAG..
FMOD: CodecVAG::openInternal         : 'VAG' ID check failed [RIF]
FMOD: Codec::release                 : 
FMOD: Codec::release                 : done
FMOD: CodecWav::openInternal         : attempting to open as WAV..
FMOD: CodecWav::parseRIFF            : chunk : id fmt  size 16
FMOD: CodecWav::parseRIFF            : offset = 28 / 84420
FMOD: CodecWav::parseRIFF            : chunk : id data size 84316
FMOD: CodecWav::parseRIFF            : offset = 84352 / 84420
FMOD: CodecWav::parseRIFF            : chunk : id smpl size 60
FMOD: CodecWav::parseRIFF            : offset = 84420 / 84420
FMOD: CodecWav::openInternal         : mSrcFormat->wFormatTag = 1
FMOD: CodecWav::openInternal         : mSrcFormat->nChannels = 1
FMOD: CodecWav::openInternal         : mSrcFormat->nSamplesPerSec = 44100
FMOD: CodecWav::openInternal         : mSrcFormat->nAvgBytesPerSec = 88200
FMOD: CodecWav::openInternal         : mSrcFormat->nBlockAlign = 2
FMOD: CodecWav::openInternal         : mSrcFormat->wBitsPerSample = 16
FMOD: CodecWav::openInternal         : mSrcFormat->cbSize = 0
FMOD: SystemI::createSoundInternal   : Format has 0 subsounds.
FMOD: SystemI::createSoundInternal   : Create as FMOD_CREATESAMPLE
FMOD: SystemI::createSoundInternal   : creating subsound 0/0
FMOD: SystemI::createSample          : mode 00000042 length 42158 samples, lengthbytes 84316
FMOD: SystemI::createSample          : subsamples = 1, channels = 1
FMOD: SystemI::createSample          : subsample 0.  output = 0x10050f878
FMOD: SystemI::createSample          : mSoftware = 0x10050f878
FMOD: OutputSoftware::createSample   : lengthpcm 42158, lengthbytes 84316, channels 1, format 2, freq 44100, mode 0000004a
FMOD: OutputSoftware::createSample   : done
FMOD: SystemI::createSample          : done
FMOD: SystemI::createSoundInternal   : No name found in file, use filename.
FMOD: SystemI::createSoundInternal   : done.  OpenState now = FMOD_OPENSTATE_READY.

FMOD: SoundI::release                : drumloop.wav (0x10042d0a8)
FMOD: SoundI::release                : release codec. (0x10042d0a8)
FMOD: Codec::release                 : 
FMOD: Codec::release                 : done
FMOD: SoundI::release                : free this. (0x10042d0a8)
FMOD: SoundI::release                : done (0x10042d0a8)
FMOD: SystemI::close                 : 
FMOD: SystemI::close                 : Stop all sounds
FMOD: Thread::callback               : * FMOD stream thread finished
FMOD: Thread::close                  : FMOD stream thread thread destroyed
FMOD: SystemI::close                 : Stream thread destroyed
FMOD: Global::decRef                 : Shut down streamer and FMOD_NONBLOCKING and FileSystem thread.
FMOD: Global::decRef                 : Shut down profiler.
FMOD: Global::decRef                 : Shut down file system.
FMOD: SystemI::close                 : Shut down output.
FMOD: SystemI::close                 : Free master channel group.
FMOD: SystemI::close                 : Remove 'master' sound group.
FMOD: OutputCoreAudio::close         : Closing...
FMOD: OutputCoreAudio::close         : Done.
FMOD: SystemI::close                 : Free software output.
FMOD: SystemI::close                 : Free emulated output.
FMOD: SystemI::close                 : Free channel pool.
FMOD: SystemI::close                 : Remove miscllaneous DSP stuff.
FMOD: SystemI::close                 : done.

